<?xml version="1.0" encoding="UTF-8"?>
<testng-results ignored="0" total="1" passed="1" failed="0" skipped="0">
  <reporter-output>
  </reporter-output>
  <suite started-at="2021-03-27T15:14:17Z" name="Default suite" finished-at="2021-03-27T15:14:23Z" duration-ms="5701">
    <groups>
    </groups>
    <test started-at="2021-03-27T15:14:17Z" name="Default test" finished-at="2021-03-27T15:14:23Z" duration-ms="5701">
      <class name="WebAutomationChallenge.WebAutomationChallenge.SearchBook">
        <test-method is-config="true" signature="testSetup()[pri:0, instance:WebAutomationChallenge.WebAutomationChallenge.SearchBook@53251a66]" started-at="2021-03-27T15:14:17Z" name="testSetup" finished-at="2021-03-27T15:14:21Z" duration-ms="3298" status="PASS">
          <reporter-output>
          </reporter-output>
        </test-method> <!-- testSetup -->
        <test-method is-config="true" signature="checkCurrentPagePre()[pri:0, instance:WebAutomationChallenge.WebAutomationChallenge.SearchBook@53251a66]" started-at="2021-03-27T15:14:21Z" name="checkCurrentPagePre" finished-at="2021-03-27T15:14:21Z" duration-ms="12" status="PASS">
          <reporter-output>
          </reporter-output>
        </test-method> <!-- checkCurrentPagePre -->
        <test-method signature="searchBook()[pri:0, instance:WebAutomationChallenge.WebAutomationChallenge.SearchBook@53251a66]" started-at="2021-03-27T15:14:21Z" name="searchBook" description="This method validates the book searching functionality" finished-at="2021-03-27T15:14:22Z" duration-ms="1774" status="PASS">
          <reporter-output>
          </reporter-output>
        </test-method> <!-- searchBook -->
        <test-method is-config="true" signature="checkCurrentPagePost()[pri:0, instance:WebAutomationChallenge.WebAutomationChallenge.SearchBook@53251a66]" started-at="2021-03-27T15:14:22Z" name="checkCurrentPagePost" finished-at="2021-03-27T15:14:22Z" duration-ms="4" status="PASS">
          <reporter-output>
          </reporter-output>
        </test-method> <!-- checkCurrentPagePost -->
        <test-method is-config="true" signature="afterClass()[pri:0, instance:WebAutomationChallenge.WebAutomationChallenge.SearchBook@53251a66]" started-at="2021-03-27T15:14:22Z" name="afterClass" finished-at="2021-03-27T15:14:23Z" duration-ms="586" status="PASS">
          <reporter-output>
          </reporter-output>
        </test-method> <!-- afterClass -->
      </class> <!-- WebAutomationChallenge.WebAutomationChallenge.SearchBook -->
    </test> <!-- Default test -->
  </suite> <!-- Default suite -->
</testng-results>
