<?xml version="1.0" encoding="UTF-8"?>
<testng-results ignored="0" total="1" passed="1" failed="0" skipped="0">
  <reporter-output>
  </reporter-output>
  <suite started-at="2021-03-28T20:53:54Z" name="Default suite" finished-at="2021-03-28T20:54:00Z" duration-ms="6601">
    <groups>
    </groups>
    <test started-at="2021-03-28T20:53:54Z" name="Default test" finished-at="2021-03-28T20:54:00Z" duration-ms="6601">
      <class name="WebAutomationChallenge.WebAutomationChallenge.SearchBook">
        <test-method is-config="true" signature="testSetup()[pri:0, instance:WebAutomationChallenge.WebAutomationChallenge.SearchBook@53251a66]" started-at="2021-03-28T20:53:54Z" name="testSetup" finished-at="2021-03-28T20:53:58Z" duration-ms="4490" status="PASS">
          <reporter-output>
          </reporter-output>
        </test-method> <!-- testSetup -->
        <test-method is-config="true" signature="checkCurrentPagePre()[pri:0, instance:WebAutomationChallenge.WebAutomationChallenge.SearchBook@53251a66]" started-at="2021-03-28T20:53:58Z" name="checkCurrentPagePre" finished-at="2021-03-28T20:53:58Z" duration-ms="8" status="PASS">
          <reporter-output>
          </reporter-output>
        </test-method> <!-- checkCurrentPagePre -->
        <test-method signature="searchBook()[pri:0, instance:WebAutomationChallenge.WebAutomationChallenge.SearchBook@53251a66]" started-at="2021-03-28T20:53:58Z" name="searchBook" description="This method validates the book searching functionality" finished-at="2021-03-28T20:54:00Z" duration-ms="1492" status="PASS">
          <reporter-output>
          </reporter-output>
        </test-method> <!-- searchBook -->
        <test-method is-config="true" signature="checkCurrentPagePost()[pri:0, instance:WebAutomationChallenge.WebAutomationChallenge.SearchBook@53251a66]" started-at="2021-03-28T20:54:00Z" name="checkCurrentPagePost" finished-at="2021-03-28T20:54:00Z" duration-ms="5" status="PASS">
          <reporter-output>
          </reporter-output>
        </test-method> <!-- checkCurrentPagePost -->
        <test-method is-config="true" signature="afterClass()[pri:0, instance:WebAutomationChallenge.WebAutomationChallenge.SearchBook@53251a66]" started-at="2021-03-28T20:54:00Z" name="afterClass" finished-at="2021-03-28T20:54:00Z" duration-ms="591" status="PASS">
          <reporter-output>
          </reporter-output>
        </test-method> <!-- afterClass -->
      </class> <!-- WebAutomationChallenge.WebAutomationChallenge.SearchBook -->
    </test> <!-- Default test -->
  </suite> <!-- Default suite -->
</testng-results>
